2026-01-29 02:38:52.699 [main] INFO  com.igsm.chatbot.ChatbotApplication - Starting ChatbotApplication v0.0.1-SNAPSHOT using Java 17.0.17 with PID 1855172 (/root/IGSM.2/IGSM/backend/target/chatbot-0.0.1-SNAPSHOT.jar started by root in /root/IGSM.2/IGSM/backend)
2026-01-29 02:38:52.704 [main] DEBUG com.igsm.chatbot.ChatbotApplication - Running with Spring Boot v3.2.3, Spring v6.1.4
2026-01-29 02:38:52.705 [main] INFO  com.igsm.chatbot.ChatbotApplication - No active profile set, falling back to 1 default profile: "default"
2026-01-29 02:38:55.451 [main] INFO  o.s.d.r.c.RepositoryConfigurationDelegate - Bootstrapping Spring Data JPA repositories in DEFAULT mode.
2026-01-29 02:38:55.607 [main] INFO  o.s.d.r.c.RepositoryConfigurationDelegate - Finished Spring Data repository scanning in 132 ms. Found 5 JPA repository interfaces.
2026-01-29 02:38:56.899 [main] INFO  o.s.b.w.e.tomcat.TomcatWebServer - Tomcat initialized with port 8081 (http)
2026-01-29 02:38:56.928 [main] INFO  o.a.catalina.core.StandardService - Starting service [Tomcat]
2026-01-29 02:38:56.929 [main] INFO  o.a.catalina.core.StandardEngine - Starting Servlet engine: [Apache Tomcat/10.1.19]
2026-01-29 02:38:57.014 [main] INFO  o.a.c.c.C.[Tomcat].[localhost].[/] - Initializing Spring embedded WebApplicationContext
2026-01-29 02:38:57.014 [main] INFO  o.s.b.w.s.c.ServletWebServerApplicationContext - Root WebApplicationContext: initialization completed in 4066 ms
2026-01-29 02:38:57.433 [main] INFO  o.h.jpa.internal.util.LogHelper - HHH000204: Processing PersistenceUnitInfo [name: default]
2026-01-29 02:38:57.572 [main] INFO  org.hibernate.Version - HHH000412: Hibernate ORM core version 6.4.4.Final
2026-01-29 02:38:57.651 [main] INFO  o.h.c.i.RegionFactoryInitiator - HHH000026: Second-level cache disabled
2026-01-29 02:38:58.251 [main] INFO  o.s.o.j.p.SpringPersistenceUnitInfo - No LoadTimeWeaver setup: ignoring JPA class transformer
2026-01-29 02:38:58.319 [main] INFO  com.zaxxer.hikari.HikariDataSource - HikariPool-1 - Starting...
2026-01-29 02:38:58.634 [main] INFO  com.zaxxer.hikari.pool.HikariPool - HikariPool-1 - Added connection org.postgresql.jdbc.PgConnection@1cba0321
2026-01-29 02:38:58.639 [main] INFO  com.zaxxer.hikari.HikariDataSource - HikariPool-1 - Start completed.
2026-01-29 02:39:03.292 [main] INFO  o.h.e.t.j.p.i.JtaPlatformInitiator - HHH000489: No JTA platform available (set 'hibernate.transaction.jta.platform' to enable JTA platform integration)
2026-01-29 02:39:04.327 [main] INFO  o.s.o.j.LocalContainerEntityManagerFactoryBean - Initialized JPA EntityManagerFactory for persistence unit 'default'
2026-01-29 02:39:06.278 [main] WARN  o.s.b.a.o.j.JpaBaseConfiguration$JpaWebConfiguration - spring.jpa.open-in-view is enabled by default. Therefore, database queries may be performed during view rendering. Explicitly configure spring.jpa.open-in-view to disable this warning
2026-01-29 02:39:07.522 [main] INFO  o.s.b.w.e.tomcat.TomcatWebServer - Tomcat started on port 8081 (http) with context path ''
2026-01-29 02:39:07.578 [main] INFO  com.igsm.chatbot.ChatbotApplication - Started ChatbotApplication in 17.41 seconds (process running for 19.688)
